<?xml version="1.0" encoding="UTF-8"?>
<testsuite name="com.app.DemoMolv7ApplicationTests" tests="2" skipped="0" failures="0" errors="0" timestamp="2022-05-30T21:11:54" hostname="LUCHOPC" time="0.53">
  <properties/>
  <testcase name="greetingTest()" classname="com.app.DemoMolv7ApplicationTests" time="0.52"/>
  <testcase name="contextLoads()" classname="com.app.DemoMolv7ApplicationTests" time="0.004"/>
  <system-out><![CDATA[16:11:43.319 [Test worker] DEBUG org.springframework.test.context.BootstrapUtils - Instantiating CacheAwareContextLoaderDelegate from class [org.springframework.test.context.cache.DefaultCacheAwareContextLoaderDelegate]
16:11:43.331 [Test worker] DEBUG org.springframework.test.context.BootstrapUtils - Instantiating BootstrapContext using constructor [public org.springframework.test.context.support.DefaultBootstrapContext(java.lang.Class,org.springframework.test.context.CacheAwareContextLoaderDelegate)]
16:11:43.382 [Test worker] DEBUG org.springframework.test.context.BootstrapUtils - Instantiating TestContextBootstrapper for test class [com.app.DemoMolv7ApplicationTests] from class [org.springframework.boot.test.context.SpringBootTestContextBootstrapper]
16:11:43.395 [Test worker] INFO org.springframework.boot.test.context.SpringBootTestContextBootstrapper - Neither @ContextConfiguration nor @ContextHierarchy found for test class [com.app.DemoMolv7ApplicationTests], using SpringBootContextLoader
16:11:43.399 [Test worker] DEBUG org.springframework.test.context.support.AbstractContextLoader - Did not detect default resource location for test class [com.app.DemoMolv7ApplicationTests]: class path resource [com/app/DemoMolv7ApplicationTests-context.xml] does not exist
16:11:43.400 [Test worker] DEBUG org.springframework.test.context.support.AbstractContextLoader - Did not detect default resource location for test class [com.app.DemoMolv7ApplicationTests]: class path resource [com/app/DemoMolv7ApplicationTestsContext.groovy] does not exist
16:11:43.400 [Test worker] INFO org.springframework.test.context.support.AbstractContextLoader - Could not detect default resource locations for test class [com.app.DemoMolv7ApplicationTests]: no resource found for suffixes {-context.xml, Context.groovy}.
16:11:43.461 [Test worker] DEBUG org.springframework.test.context.support.ActiveProfilesUtils - Could not find an 'annotation declaring class' for annotation type [org.springframework.test.context.ActiveProfiles] and class [com.app.DemoMolv7ApplicationTests]
16:11:43.625 [Test worker] DEBUG org.springframework.boot.test.context.SpringBootTestContextBootstrapper - @TestExecutionListeners is not present for class [com.app.DemoMolv7ApplicationTests]: using defaults.
16:11:43.626 [Test worker] INFO org.springframework.boot.test.context.SpringBootTestContextBootstrapper - Loaded default TestExecutionListener class names from location [META-INF/spring.factories]: [org.springframework.boot.test.autoconfigure.restdocs.RestDocsTestExecutionListener, org.springframework.boot.test.autoconfigure.web.client.MockRestServiceServerResetTestExecutionListener, org.springframework.boot.test.autoconfigure.web.servlet.MockMvcPrintOnlyOnFailureTestExecutionListener, org.springframework.boot.test.autoconfigure.web.servlet.WebDriverTestExecutionListener, org.springframework.boot.test.autoconfigure.webservices.client.MockWebServiceServerTestExecutionListener, org.springframework.boot.test.mock.mockito.MockitoTestExecutionListener, org.springframework.boot.test.mock.mockito.ResetMocksTestExecutionListener, org.springframework.test.context.web.ServletTestExecutionListener, org.springframework.test.context.support.DirtiesContextBeforeModesTestExecutionListener, org.springframework.test.context.event.ApplicationEventsTestExecutionListener, org.springframework.test.context.support.DependencyInjectionTestExecutionListener, org.springframework.test.context.support.DirtiesContextTestExecutionListener, org.springframework.test.context.transaction.TransactionalTestExecutionListener, org.springframework.test.context.jdbc.SqlScriptsTestExecutionListener, org.springframework.test.context.event.EventPublishingTestExecutionListener]
16:11:43.646 [Test worker] INFO org.springframework.boot.test.context.SpringBootTestContextBootstrapper - Using TestExecutionListeners: [org.springframework.test.context.web.ServletTestExecutionListener@5ca17ab0, org.springframework.test.context.support.DirtiesContextBeforeModesTestExecutionListener@5a62b2a4, org.springframework.test.context.event.ApplicationEventsTestExecutionListener@1051817b, org.springframework.boot.test.mock.mockito.MockitoTestExecutionListener@35293c05, org.springframework.boot.test.autoconfigure.SpringBootDependencyInjectionTestExecutionListener@620aa4ea, org.springframework.test.context.support.DirtiesContextTestExecutionListener@2db2dd9d, org.springframework.test.context.transaction.TransactionalTestExecutionListener@3174cb09, org.springframework.test.context.jdbc.SqlScriptsTestExecutionListener@4d411036, org.springframework.test.context.event.EventPublishingTestExecutionListener@7adbd080, org.springframework.boot.test.autoconfigure.restdocs.RestDocsTestExecutionListener@41beb473, org.springframework.boot.test.autoconfigure.web.client.MockRestServiceServerResetTestExecutionListener@560513ce, org.springframework.boot.test.autoconfigure.web.servlet.MockMvcPrintOnlyOnFailureTestExecutionListener@13006998, org.springframework.boot.test.autoconfigure.web.servlet.WebDriverTestExecutionListener@37fbe4a8, org.springframework.boot.test.autoconfigure.webservices.client.MockWebServiceServerTestExecutionListener@352c308, org.springframework.boot.test.mock.mockito.ResetMocksTestExecutionListener@7d373bcf]
16:11:43.650 [Test worker] DEBUG org.springframework.test.context.support.AbstractDirtiesContextTestExecutionListener - Before test class: context [DefaultTestContext@30b34287 testClass = DemoMolv7ApplicationTests, testInstance = [null], testMethod = [null], testException = [null], mergedContextConfiguration = [WebMergedContextConfiguration@5489c777 testClass = DemoMolv7ApplicationTests, locations = '{}', classes = '{class com.app.DemoMolv7Application}', contextInitializerClasses = '[]', activeProfiles = '{}', propertySourceLocations = '{}', propertySourceProperties = '{org.springframework.boot.test.context.SpringBootTestContextBootstrapper=true, server.port=0}', contextCustomizers = set[org.springframework.boot.test.autoconfigure.actuate.metrics.MetricsExportContextCustomizerFactory$DisableMetricExportContextCustomizer@4044fb95, org.springframework.boot.test.autoconfigure.properties.PropertyMappingContextCustomizer@0, org.springframework.boot.test.autoconfigure.web.servlet.WebDriverContextCustomizerFactory$Customizer@16746061, org.springframework.boot.test.context.filter.ExcludeFilterContextCustomizer@5c8eee0f, org.springframework.boot.test.json.DuplicateJsonObjectContextCustomizerFactory$DuplicateJsonObjectContextCustomizer@73163d48, org.springframework.boot.test.mock.mockito.MockitoContextCustomizer@0, org.springframework.boot.test.web.client.TestRestTemplateContextCustomizer@201b6b6f, org.springframework.boot.test.context.SpringBootTestArgs@1, org.springframework.boot.test.context.SpringBootTestWebEnvironment@81d9a72], resourceBasePath = 'src/main/webapp', contextLoader = 'org.springframework.boot.test.context.SpringBootContextLoader', parent = [null]], attributes = map['org.springframework.test.context.web.ServletTestExecutionListener.activateListener' -> false]], class annotated with @DirtiesContext [false] with mode [null].
16:11:43.950 [Test worker] DEBUG org.springframework.test.context.support.DependencyInjectionTestExecutionListener - Performing dependency injection for test context [[DefaultTestContext@30b34287 testClass = DemoMolv7ApplicationTests, testInstance = com.app.DemoMolv7ApplicationTests@a50ae65, testMethod = [null], testException = [null], mergedContextConfiguration = [WebMergedContextConfiguration@5489c777 testClass = DemoMolv7ApplicationTests, locations = '{}', classes = '{class com.app.DemoMolv7Application}', contextInitializerClasses = '[]', activeProfiles = '{}', propertySourceLocations = '{}', propertySourceProperties = '{org.springframework.boot.test.context.SpringBootTestContextBootstrapper=true, server.port=0}', contextCustomizers = set[org.springframework.boot.test.autoconfigure.actuate.metrics.MetricsExportContextCustomizerFactory$DisableMetricExportContextCustomizer@4044fb95, org.springframework.boot.test.autoconfigure.properties.PropertyMappingContextCustomizer@0, org.springframework.boot.test.autoconfigure.web.servlet.WebDriverContextCustomizerFactory$Customizer@16746061, org.springframework.boot.test.context.filter.ExcludeFilterContextCustomizer@5c8eee0f, org.springframework.boot.test.json.DuplicateJsonObjectContextCustomizerFactory$DuplicateJsonObjectContextCustomizer@73163d48, org.springframework.boot.test.mock.mockito.MockitoContextCustomizer@0, org.springframework.boot.test.web.client.TestRestTemplateContextCustomizer@201b6b6f, org.springframework.boot.test.context.SpringBootTestArgs@1, org.springframework.boot.test.context.SpringBootTestWebEnvironment@81d9a72], resourceBasePath = 'src/main/webapp', contextLoader = 'org.springframework.boot.test.context.SpringBootContextLoader', parent = [null]], attributes = map['org.springframework.test.context.web.ServletTestExecutionListener.activateListener' -> false, 'org.springframework.test.context.event.ApplicationEventsTestExecutionListener.recordApplicationEvents' -> false]]].

  .   ____          _            __ _ _
 /\\ / ___'_ __ _ _(_)_ __  __ _ \ \ \ \
( ( )\___ | '_ | '_| | '_ \/ _` | \ \ \ \
 \\/  ___)| |_)| | | | | || (_| |  ) ) ) )
  '  |____| .__|_| |_|_| |_\__, | / / / /
 =========|_|==============|___/=/_/_/_/
 :: Spring Boot ::                (v2.6.6)

2022-05-30 16:11:44.412  INFO 15388 --- [    Test worker] com.app.DemoMolv7ApplicationTests        : Starting DemoMolv7ApplicationTests using Java 11.0.14.1 on Luchopc with PID 15388 (started by Lucho in C:\Users\Lucho\Documents\Icaro - Diseño Software\barrica_nobel\demoMOLV7)
2022-05-30 16:11:44.412  INFO 15388 --- [    Test worker] com.app.DemoMolv7ApplicationTests        : No active profile set, falling back to 1 default profile: "default"
2022-05-30 16:11:45.377  INFO 15388 --- [    Test worker] .s.d.r.c.RepositoryConfigurationDelegate : Bootstrapping Spring Data JPA repositories in DEFAULT mode.
2022-05-30 16:11:45.448  INFO 15388 --- [    Test worker] .s.d.r.c.RepositoryConfigurationDelegate : Finished Spring Data repository scanning in 56 ms. Found 1 JPA repository interfaces.
2022-05-30 16:11:46.534  INFO 15388 --- [    Test worker] o.s.b.w.embedded.tomcat.TomcatWebServer  : Tomcat initialized with port(s): 0 (http)
2022-05-30 16:11:46.553  INFO 15388 --- [    Test worker] o.apache.catalina.core.StandardService   : Starting service [Tomcat]
2022-05-30 16:11:46.554  INFO 15388 --- [    Test worker] org.apache.catalina.core.StandardEngine  : Starting Servlet engine: [Apache Tomcat/9.0.60]
2022-05-30 16:11:46.761  INFO 15388 --- [    Test worker] o.a.c.c.C.[Tomcat].[localhost].[/]       : Initializing Spring embedded WebApplicationContext
2022-05-30 16:11:46.762  INFO 15388 --- [    Test worker] w.s.c.ServletWebServerApplicationContext : Root WebApplicationContext: initialization completed in 2327 ms
2022-05-30 16:11:46.875  INFO 15388 --- [    Test worker] com.zaxxer.hikari.HikariDataSource       : HikariPool-1 - Starting...
2022-05-30 16:11:48.463  INFO 15388 --- [    Test worker] com.zaxxer.hikari.HikariDataSource       : HikariPool-1 - Start completed.
2022-05-30 16:11:48.475  INFO 15388 --- [    Test worker] o.s.b.a.h2.H2ConsoleAutoConfiguration    : H2 console available at '/h2-console'. Database available at 'jdbc:mysql://sql10.freemysqlhosting.net:3306/sql10482666?useUnicode=true&useJDBCCompliantTimezoneShift=true&useLegacyDatetimeCode=false&serverTimezone=UTC'
2022-05-30 16:11:48.844  INFO 15388 --- [    Test worker] o.hibernate.jpa.internal.util.LogHelper  : HHH000204: Processing PersistenceUnitInfo [name: default]
2022-05-30 16:11:48.934  INFO 15388 --- [    Test worker] org.hibernate.Version                    : HHH000412: Hibernate ORM core version 5.6.7.Final
2022-05-30 16:11:49.217  INFO 15388 --- [    Test worker] o.hibernate.annotations.common.Version   : HCANN000001: Hibernate Commons Annotations {5.1.2.Final}
2022-05-30 16:11:49.572  INFO 15388 --- [    Test worker] org.hibernate.dialect.Dialect            : HHH000400: Using dialect: org.hibernate.dialect.MySQL5Dialect
2022-05-30 16:11:52.727  INFO 15388 --- [    Test worker] o.h.e.t.j.p.i.JtaPlatformInitiator       : HHH000490: Using JtaPlatform implementation: [org.hibernate.engine.transaction.jta.platform.internal.NoJtaPlatform]
2022-05-30 16:11:52.736  INFO 15388 --- [    Test worker] j.LocalContainerEntityManagerFactoryBean : Initialized JPA EntityManagerFactory for persistence unit 'default'
2022-05-30 16:11:53.205  WARN 15388 --- [    Test worker] JpaBaseConfiguration$JpaWebConfiguration : spring.jpa.open-in-view is enabled by default. Therefore, database queries may be performed during view rendering. Explicitly configure spring.jpa.open-in-view to disable this warning
2022-05-30 16:11:54.286  WARN 15388 --- [    Test worker] ion$DefaultTemplateResolverConfiguration : Cannot find template location: classpath:/templates/ (please add some templates or check your Thymeleaf configuration)
2022-05-30 16:11:54.781  INFO 15388 --- [    Test worker] o.s.b.w.embedded.tomcat.TomcatWebServer  : Tomcat started on port(s): 58899 (http) with context path ''
2022-05-30 16:11:54.795  INFO 15388 --- [    Test worker] com.app.DemoMolv7ApplicationTests        : Started DemoMolv7ApplicationTests in 10.822 seconds (JVM running for 12.637)
2022-05-30 16:11:55.178  INFO 15388 --- [o-auto-1-exec-1] o.a.c.c.C.[Tomcat].[localhost].[/]       : Initializing Spring DispatcherServlet 'dispatcherServlet'
2022-05-30 16:11:55.179  INFO 15388 --- [o-auto-1-exec-1] o.s.web.servlet.DispatcherServlet        : Initializing Servlet 'dispatcherServlet'
2022-05-30 16:11:55.181  INFO 15388 --- [o-auto-1-exec-1] o.s.web.servlet.DispatcherServlet        : Completed initialization in 2 ms
]]></system-out>
  <system-err><![CDATA[]]></system-err>
</testsuite>
